/*C4*/SET SCHEMA PUBLIC
DISCONNECT
/*C5*/SET SCHEMA PUBLIC
DISCONNECT
/*C3*/SET SCHEMA PUBLIC
INSERT INTO LOGIN_TBL VALUES('murali','murali','2019-12-29','Admin')
COMMIT
/*C6*/SET SCHEMA PUBLIC
DISCONNECT
/*C7*/SET SCHEMA PUBLIC
DISCONNECT
/*C8*/SET SCHEMA PUBLIC
DISCONNECT
/*C9*/SET SCHEMA PUBLIC
DISCONNECT
/*C10*/SET SCHEMA PUBLIC
INSERT INTO USER_INFO VALUES('Mahesh','1971-08-21',NULL,'Krishna','Nirmala','Actor')
COMMIT
DISCONNECT
/*C11*/SET SCHEMA PUBLIC
INSERT INTO LOGIN_TBL VALUES('mbabu','mbabu','2019-12-29','Admin')
COMMIT
DISCONNECT
